# JRE version: OpenJDK Runtime Environment (8.0_212-b04) (build 1.8.0_212-release-1586-b04)
# Java VM: OpenJDK 64-Bit Server VM (25.212-b04 mixed mode windows-amd64 compressed oops)
Heap:
 PSYoungGen      total 463872K, used 148943K [0x00000000e0000000, 0x0000000100000000, 0x0000000100000000)
  eden space 425984K, 26% used [0x00000000e0000000,0x00000000e6c77e50,0x00000000fa000000)
  from space 37888K, 99% used [0x00000000fdb00000,0x00000000ffffc110,0x0000000100000000)
  to   space 49152K, 66% used [0x00000000fa000000,0x00000000fbfcc078,0x00000000fd000000)
 ParOldGen       total 239616K, used 71529K [0x00000000a0000000, 0x00000000aea00000, 0x00000000e0000000)
  object space 239616K, 29% used [0x00000000a0000000,0x00000000a45da6d0,0x00000000aea00000)
 Metaspace       used 94626K, capacity 98598K, committed 98840K, reserved 1134592K
  class space    used 12562K, capacity 13327K, committed 13352K, reserved 1048576K
GC Heap History (10 events):
Event: 4.740 GC heap after
Heap after GC invocations=9 (full 2):
 PSYoungGen      total 332800K, used 18317K [0x00000000e0000000, 0x00000000fed00000, 0x0000000100000000)
  eden space 306688K, 0% used [0x00000000e0000000,0x00000000e0000000,0x00000000f2b80000)
  from space 26112K, 70% used [0x00000000f2b80000,0x00000000f3d63760,0x00000000f4500000)
  to   space 26624K, 0% used [0x00000000fd300000,0x00000000fd300000,0x00000000fed00000)
 ParOldGen       total 165376K, used 31834K [0x00000000a0000000, 0x00000000aa180000, 0x00000000e0000000)
  object space 165376K, 19% used [0x00000000a0000000,0x00000000a1f16bb0,0x00000000aa180000)
 Metaspace       used 57289K, capacity 58942K, committed 59160K, reserved 1099776K
  class space    used 7859K, capacity 8227K, committed 8232K, reserved 1048576K
}
Event: 4.740 GC heap before
{Heap before GC invocations=10 (full 3):
 PSYoungGen      total 332800K, used 18317K [0x00000000e0000000, 0x00000000fed00000, 0x0000000100000000)
  eden space 306688K, 0% used [0x00000000e0000000,0x00000000e0000000,0x00000000f2b80000)
  from space 26112K, 70% used [0x00000000f2b80000,0x00000000f3d63760,0x00000000f4500000)
  to   space 26624K, 0% used [0x00000000fd300000,0x00000000fd300000,0x00000000fed00000)
 ParOldGen       total 165376K, used 31834K [0x00000000a0000000, 0x00000000aa180000, 0x00000000e0000000)
  object space 165376K, 19% used [0x00000000a0000000,0x00000000a1f16bb0,0x00000000aa180000)
 Metaspace       used 57289K, capacity 58942K, committed 59160K, reserved 1099776K
  class space    used 7859K, capacity 8227K, committed 8232K, reserved 1048576K
Event: 4.825 GC heap after
Heap after GC invocations=10 (full 3):
 PSYoungGen      total 332800K, used 0K [0x00000000e0000000, 0x00000000fed00000, 0x0000000100000000)
  eden space 306688K, 0% used [0x00000000e0000000,0x00000000e0000000,0x00000000f2b80000)
  from space 26112K, 0% used [0x00000000f2b80000,0x00000000f2b80000,0x00000000f4500000)
  to   space 26624K, 0% used [0x00000000fd300000,0x00000000fd300000,0x00000000fed00000)
 ParOldGen       total 239616K, used 33202K [0x00000000a0000000, 0x00000000aea00000, 0x00000000e0000000)
  object space 239616K, 13% used [0x00000000a0000000,0x00000000a206ca00,0x00000000aea00000)
 Metaspace       used 57289K, capacity 58942K, committed 59160K, reserved 1099776K
  class space    used 7859K, capacity 8227K, committed 8232K, reserved 1048576K
}
Event: 5.822 GC heap before
{Heap before GC invocations=11 (full 3):
 PSYoungGen      total 332800K, used 306688K [0x00000000e0000000, 0x00000000fed00000, 0x0000000100000000)
  eden space 306688K, 100% used [0x00000000e0000000,0x00000000f2b80000,0x00000000f2b80000)
  from space 26112K, 0% used [0x00000000f2b80000,0x00000000f2b80000,0x00000000f4500000)
  to   space 26624K, 0% used [0x00000000fd300000,0x00000000fd300000,0x00000000fed00000)
 ParOldGen       total 239616K, used 33202K [0x00000000a0000000, 0x00000000aea00000, 0x00000000e0000000)
  object space 239616K, 13% used [0x00000000a0000000,0x00000000a206ca00,0x00000000aea00000)
 Metaspace       used 64378K, capacity 66896K, committed 66968K, reserved 1107968K
  class space    used 8816K, capacity 9318K, committed 9384K, reserved 1048576K
Event: 5.835 GC heap after
Heap after GC invocations=11 (full 3):
 PSYoungGen      total 446464K, used 26622K [0x00000000e0000000, 0x00000000fed00000, 0x0000000100000000)
  eden space 419840K, 0% used [0x00000000e0000000,0x00000000e0000000,0x00000000f9a00000)
  from space 26624K, 99% used [0x00000000fd300000,0x00000000fecff8f0,0x00000000fed00000)
  to   space 30720K, 0% used [0x00000000fb100000,0x00000000fb100000,0x00000000fcf00000)
 ParOldGen       total 239616K, used 33564K [0x00000000a0000000, 0x00000000aea00000, 0x00000000e0000000)
  object space 239616K, 14% used [0x00000000a0000000,0x00000000a20c7330,0x00000000aea00000)
 Metaspace       used 64378K, capacity 66896K, committed 66968K, reserved 1107968K
  class space    used 8816K, capacity 9318K, committed 9384K, reserved 1048576K
}
Event: 225.336 GC heap before
{Heap before GC invocations=12 (full 3):
 PSYoungGen      total 446464K, used 446462K [0x00000000e0000000, 0x00000000fed00000, 0x0000000100000000)
  eden space 419840K, 100% used [0x00000000e0000000,0x00000000f9a00000,0x00000000f9a00000)
  from space 26624K, 99% used [0x00000000fd300000,0x00000000fecff8f0,0x00000000fed00000)
  to   space 30720K, 0% used [0x00000000fb100000,0x00000000fb100000,0x00000000fcf00000)
 ParOldGen       total 239616K, used 33564K [0x00000000a0000000, 0x00000000aea00000, 0x00000000e0000000)
  object space 239616K, 14% used [0x00000000a0000000,0x00000000a20c7330,0x00000000aea00000)
 Metaspace       used 76443K, capacity 79460K, committed 79640K, reserved 1118208K
  class space    used 10117K, capacity 10701K, committed 10792K, reserved 1048576K
Event: 225.361 GC heap after
Heap after GC invocations=12 (full 3):
 PSYoungGen      total 474112K, used 30701K [0x00000000e0000000, 0x0000000100000000, 0x0000000100000000)
  eden space 443392K, 0% used [0x00000000e0000000,0x00000000e0000000,0x00000000fb100000)
  from space 30720K, 99% used [0x00000000fb100000,0x00000000fcefb7d0,0x00000000fcf00000)
  to   space 37888K, 0% used [0x00000000fdb00000,0x00000000fdb00000,0x0000000100000000)
 ParOldGen       total 239616K, used 40313K [0x00000000a0000000, 0x00000000aea00000, 0x00000000e0000000)
  object space 239616K, 16% used [0x00000000a0000000,0x00000000a275e4e8,0x00000000aea00000)
 Metaspace       used 76443K, capacity 79460K, committed 79640K, reserved 1118208K
  class space    used 10117K, capacity 10701K, committed 10792K, reserved 1048576K
}
Event: 229.847 GC heap before
{Heap before GC invocations=13 (full 3):
 PSYoungGen      total 474112K, used 474093K [0x00000000e0000000, 0x0000000100000000, 0x0000000100000000)
  eden space 443392K, 100% used [0x00000000e0000000,0x00000000fb100000,0x00000000fb100000)
  from space 30720K, 99% used [0x00000000fb100000,0x00000000fcefb7d0,0x00000000fcf00000)
  to   space 37888K, 0% used [0x00000000fdb00000,0x00000000fdb00000,0x0000000100000000)
 ParOldGen       total 239616K, used 40313K [0x00000000a0000000, 0x00000000aea00000, 0x00000000e0000000)
  object space 239616K, 16% used [0x00000000a0000000,0x00000000a275e4e8,0x00000000aea00000)
 Metaspace       used 90889K, capacity 94580K, committed 94744K, reserved 1130496K
  class space    used 12007K, capacity 12740K, committed 12840K, reserved 1048576K
Event: 229.867 GC heap after
Heap after GC invocations=13 (full 3):
 PSYoungGen      total 463872K, used 37872K [0x00000000e0000000, 0x0000000100000000, 0x0000000100000000)
  eden space 425984K, 0% used [0x00000000e0000000,0x00000000e0000000,0x00000000fa000000)
  from space 37888K, 99% used [0x00000000fdb00000,0x00000000ffffc110,0x0000000100000000)
  to   space 49152K, 0% used [0x00000000fa000000,0x00000000fa000000,0x00000000fd000000)
 ParOldGen       total 239616K, used 55498K [0x00000000a0000000, 0x00000000aea00000, 0x00000000e0000000)
  object space 239616K, 23% used [0x00000000a0000000,0x00000000a3632ba0,0x00000000aea00000)
 Metaspace       used 90889K, capacity 94580K, committed 94744K, reserved 1130496K
  class space    used 12007K, capacity 12740K, committed 12840K, reserved 1048576K
}
Event: 230.380 GC heap before
{Heap before GC invocations=14 (full 3):
 PSYoungGen      total 463872K, used 148943K [0x00000000e0000000, 0x0000000100000000, 0x0000000100000000)
  eden space 425984K, 26% used [0x00000000e0000000,0x00000000e6c77e50,0x00000000fa000000)
  from space 37888K, 99% used [0x00000000fdb00000,0x00000000ffffc110,0x0000000100000000)
  to   space 49152K, 0% used [0x00000000fa000000,0x00000000fa000000,0x00000000fd000000)
 ParOldGen       total 239616K, used 55498K [0x00000000a0000000, 0x00000000aea00000, 0x00000000e0000000)
  object space 239616K, 23% used [0x00000000a0000000,0x00000000a3632ba0,0x00000000aea00000)
 Metaspace       used 94626K, capacity 98598K, committed 98840K, reserved 1134592K
  class space    used 12562K, capacity 13327K, committed 13352K, reserved 1048576K

